WARNING: A terminally deprecated method in sun.misc.Unsafe has been called
WARNING: sun.misc.Unsafe::objectFieldOffset has been called by com.github.benmanes.caffeine.cache.UnsafeAccess (file:/home/rick/Software/OpenBioApi/openapi-generator-cli.jar)
WARNING: Please consider reporting this to the maintainers of class com.github.benmanes.caffeine.cache.UnsafeAccess
WARNING: sun.misc.Unsafe::objectFieldOffset will be removed in a future release
[main] WARN  o.o.c.config.CodegenConfigurator - There were issues with the specification, but validation has been explicitly disabled.
Errors: 
	-attribute paths.'/pdgsmm/missing'(get).parameters.[format].enum is unexpected
	-attribute paths.'/parameterSearch/search'(get).produces is unexpected
	-attribute paths.'/model/download/{modelId}'(get).parameters.[filename].type is unexpected
	-attribute paths.'/search'(get).produces is unexpected
	-attribute paths.'/pdgsmm/representative'(get).parameters.[model].content is missing
	-attribute paths.'/parameterSearch/search'(get).parameters.[size].content is missing
	-attribute paths.'/p2m/representatives'(get).parameters.[modelIds].collectionFormat is unexpected
	-attribute paths.'/parameterSearch/search'(get).parameters.[start].content is missing
	-attribute paths.'/{modelId}'(get).parameters.[format].enum is unexpected
	-attribute paths.'/search/download'(get).parameters.[models].type is unexpected
	-attribute paths.'/pdgsmm/representative'(get).produces is unexpected
	-attribute paths.'/model/identifiers'(get).parameters.[format].type is unexpected
	-attribute paths.'/p2m/representatives'(get).parameters.[modelIds].type is unexpected
	-attribute paths.'/p2m/missing'(get).produces is unexpected
	-attribute paths.'/model/files/{modelId}'(get).parameters.[format].content is missing
	-attribute paths.'/p2m/representatives'(get).parameters.[format].content is missing
	-attribute paths.'/p2m/missing'(get).parameters.[format].content is missing
	-attribute paths.'/pdgsmm/representative'(get).parameters.[format].type is unexpected
	-attribute paths.'/model/files/{modelId}'(get).parameters.[modelId].type is unexpected
	-attribute paths.'/model/files/{modelId}'(get).parameters.[modelId].content is missing
	-attribute paths.'/pdgsmm/representatives'(get).parameters.[format].type is unexpected
	-attribute definitions is unexpected
	-attribute paths.'/search'(get).parameters.[numResults].content is missing
	-attribute paths.'/parameterSearch/search'(get).parameters.[sort].content is missing
	-attribute paths.'/search'(get).parameters.[format].content is missing
	-attribute paths.'/search'(get).parameters.[sort].type is unexpected
	-attribute paths.'/search'(get).parameters.[sort].content is missing
	-attribute paths.'/model/files/{modelId}'(get).parameters.[format].type is unexpected
	-attribute paths.'/search/download'(get).produces is unexpected
	-attribute paths.'/pdgsmm/representative'(get).parameters.[format].enum is unexpected
	-attribute paths.'/p2m/missing'(get).parameters.[format].enum is unexpected
	-attribute paths.'/parameterSearch/search'(get).parameters.[size].type is unexpected
	-attribute paths.'/parameterSearch/search'(get).parameters.[sort].type is unexpected
	-attribute paths.'/parameterSearch/search'(get).parameters.[start].type is unexpected
	-attribute paths.'/model/identifiers'(get).produces is unexpected
	-attribute paths.'/model/download/{modelId}'(get).parameters.[filename].content is missing
	-attribute paths.'/pdgsmm/representative'(get).parameters.[format].content is missing
	-attribute paths.'/pdgsmm/representatives'(get).parameters.[modelIds].items is unexpected
	-attribute paths.'/{modelId}'(get).responses.200.schema is unexpected
	-attribute paths.'/search'(get).responses.200.schema is unexpected
	-attribute paths.'/pdgsmm/representatives'(get).parameters.[format].enum is unexpected
	-attribute paths.'/p2m/representatives'(get).parameters.[modelIds].content is missing
	-attribute paths.'/model/download/{modelId}'(get).produces is unexpected
	-attribute paths.'/p2m/representatives'(get).parameters.[format].type is unexpected
	-attribute paths.'/{modelId}'(get).produces is unexpected
	-attribute paths.'/search'(get).parameters.[sort].enum is unexpected
	-attribute paths.'/p2m/representatives'(get).parameters.[modelIds].items is unexpected
	-attribute paths.'/p2m/representative'(get).parameters.[format].enum is unexpected
	-attribute paths.'/pdgsmm/representatives'(get).parameters.[modelIds].content is missing
	-attribute paths.'/model/download/{modelId}'(get).parameters.[modelId].type is unexpected
	-attribute paths.'/model/identifiers'(get).responses.200.schema is unexpected
	-attribute paths.'/search/download'(get).parameters.[models].content is missing
	-attribute paths.'/search'(get).parameters.[format].type is unexpected
	-attribute paths.'/search'(get).parameters.[numResults].type is unexpected
	-attribute paths.'/parameterSearch/search'(get).parameters.[size].enum is unexpected
	-attribute paths.'/pdgsmm/representatives'(get).parameters.[format].content is missing
	-attribute paths.'/pdgsmm/missing'(get).produces is unexpected
	-attribute paths.'/model/files/{modelId}'(get).produces is unexpected
	-attribute paths.'/pdgsmm/representative'(get).parameters.[model].type is unexpected
	-attribute paths.'/parameterSearch/search'(get).parameters.[format].type is unexpected
	-attribute paths.'/search'(get).parameters.[offset].type is unexpected
	-attribute paths.'/pdgsmm/representatives'(get).parameters.[modelIds].collectionFormat is unexpected
	-attribute schemes is unexpected
	-attribute paths.'/p2m/representatives'(get).parameters.[format].enum is unexpected
	-attribute paths.'/{modelId}'(get).parameters.[format].type is unexpected
	-attribute paths.'/p2m/representative'(get).produces is unexpected
	-attribute paths.'/p2m/missing'(get).parameters.[format].type is unexpected
	-attribute paths.'/p2m/representative'(get).parameters.[model].content is missing
	-attribute paths.'/pdgsmm/missing'(get).parameters.[format].type is unexpected
	-attribute paths.'/model/identifiers'(get).parameters.[format].content is missing
	-attribute paths.'/search'(get).parameters.[offset].content is missing
	-attribute paths.'/{modelId}'(get).parameters.[format].content is missing
	-attribute paths.'/{modelId}'(get).parameters.[modelId].type is unexpected
	-attribute paths.'/search'(get).parameters.[query].type is unexpected
	-attribute paths.'/search'(get).parameters.[query].content is missing
	-attribute paths.'/p2m/representatives'(get).produces is unexpected
	-attribute paths.'/p2m/representative'(get).parameters.[format].type is unexpected
	-attribute paths.'/parameterSearch/search'(get).parameters.[query].content is missing
	-attribute paths.'/parameterSearch/search'(get).parameters.[format].content is missing
	-attribute paths.'/p2m/representative'(get).parameters.[format].content is missing
	-attribute paths.'/parameterSearch/search'(get).parameters.[query].type is unexpected
	-attribute paths.'/{modelId}'(get).parameters.[modelId].content is missing
	-attribute paths.'/model/download/{modelId}'(get).parameters.[modelId].content is missing
	-attribute paths.'/p2m/representative'(get).parameters.[model].type is unexpected
	-attribute paths.'/pdgsmm/representatives'(get).produces is unexpected
	-attribute paths.'/model/files/{modelId}'(get).responses.200.schema is unexpected
	-attribute paths.'/pdgsmm/missing'(get).parameters.[format].content is missing
	-attribute paths.'/pdgsmm/representatives'(get).parameters.[modelIds].type is unexpected
	-attribute paths.'/model/identifiers'(get).parameters.[format].enum is unexpected

[main] INFO  o.o.codegen.DefaultGenerator - Generating with dryRun=false
[main] INFO  o.o.c.ignore.CodegenIgnoreProcessor - Output directory (/home/rick/Software/OpenBioApi/biomodels) does not exist, or is inaccessible. No file (.openapi-generator-ignore) will be evaluated.
[main] INFO  o.o.codegen.DefaultGenerator - OpenAPI Generator: clojure (client)
[main] INFO  o.o.codegen.DefaultGenerator - Generator 'clojure' is considered stable.
[main] WARN  o.o.codegen.DefaultCodegen - Empty operationId found for path: get /{modelId}. Renamed to auto-generated operationId: modelIdGet
[main] ERROR o.o.codegen.DefaultCodegen - Not handling class PathParameter {
    class Parameter {
        name: modelId
        in: null
        description: The identifier of a public model in BioModels.
        required: null
        deprecated: null
        allowEmptyValue: null
        style: simple
        explode: false
        allowReserved: null
        schema: null
        examples: null
        example: null
        content: null
        $ref: null
    }
    in: path
    required: true
} as Body Parameter at the moment
[main] ERROR o.o.codegen.DefaultCodegen - Not handling class PathParameter {
    class Parameter {
        name: modelId
        in: null
        description: The identifier of a public model in BioModels.
        required: null
        deprecated: null
        allowEmptyValue: null
        style: simple
        explode: false
        allowReserved: null
        schema: null
        examples: null
        example: null
        content: null
        $ref: null
    }
    in: path
    required: true
} as Body Parameter at the moment
[main] WARN  o.o.codegen.DefaultCodegen - Parameter name not defined properly. Default to UNKNOWN_PARAMETER_NAME
[main] ERROR o.o.codegen.DefaultCodegen - Not handling class QueryParameter {
    class Parameter {
        name: format
        in: null
        description: The response format
        required: false
        deprecated: null
        allowEmptyValue: null
        style: form
        explode: true
        allowReserved: null
        schema: null
        examples: null
        example: null
        content: null
        $ref: null
    }
    in: query
} as Body Parameter at the moment
[main] ERROR o.o.codegen.DefaultCodegen - Not handling class QueryParameter {
    class Parameter {
        name: format
        in: null
        description: The response format
        required: false
        deprecated: null
        allowEmptyValue: null
        style: form
        explode: true
        allowReserved: null
        schema: null
        examples: null
        example: null
        content: null
        $ref: null
    }
    in: query
} as Body Parameter at the moment
[main] WARN  o.o.codegen.DefaultCodegen - Parameter name not defined properly. Default to UNKNOWN_PARAMETER_NAME
[main] WARN  o.o.codegen.DefaultCodegen - Empty operationId found for path: get /model/files/{modelId}. Renamed to auto-generated operationId: modelFilesModelIdGet
[main] ERROR o.o.codegen.DefaultCodegen - Not handling class PathParameter {
    class Parameter {
        name: modelId
        in: null
        description: The identifier of the model for which to retrieve the files.
        required: null
        deprecated: null
        allowEmptyValue: null
        style: simple
        explode: false
        allowReserved: null
        schema: null
        examples: null
        example: null
        content: null
        $ref: null
    }
    in: path
    required: true
} as Body Parameter at the moment
[main] ERROR o.o.codegen.DefaultCodegen - Not handling class PathParameter {
    class Parameter {
        name: modelId
        in: null
        description: The identifier of the model for which to retrieve the files.
        required: null
        deprecated: null
        allowEmptyValue: null
        style: simple
        explode: false
        allowReserved: null
        schema: null
        examples: null
        example: null
        content: null
        $ref: null
    }
    in: path
    required: true
} as Body Parameter at the moment
[main] WARN  o.o.codegen.DefaultCodegen - Parameter name not defined properly. Default to UNKNOWN_PARAMETER_NAME
[main] ERROR o.o.codegen.DefaultCodegen - Not handling class QueryParameter {
    class Parameter {
        name: format
        in: null
        description: The format that the response should return
        required: false
        deprecated: null
        allowEmptyValue: null
        style: form
        explode: true
        allowReserved: null
        schema: null
        examples: null
        example: null
        content: null
        $ref: null
    }
    in: query
} as Body Parameter at the moment
[main] ERROR o.o.codegen.DefaultCodegen - Not handling class QueryParameter {
    class Parameter {
        name: format
        in: null
        description: The format that the response should return
        required: false
        deprecated: null
        allowEmptyValue: null
        style: form
        explode: true
        allowReserved: null
        schema: null
        examples: null
        example: null
        content: null
        $ref: null
    }
    in: query
} as Body Parameter at the moment
[main] WARN  o.o.codegen.DefaultCodegen - Parameter name not defined properly. Default to UNKNOWN_PARAMETER_NAME
[main] WARN  o.o.codegen.DefaultCodegen - Empty operationId found for path: get /model/download/{modelId}. Renamed to auto-generated operationId: modelDownloadModelIdGet
[main] ERROR o.o.codegen.DefaultCodegen - Not handling class PathParameter {
    class Parameter {
        name: modelId
        in: null
        description: The model identifier that the file in question is associated with
        required: null
        deprecated: null
        allowEmptyValue: null
        style: simple
        explode: false
        allowReserved: null
        schema: null
        examples: null
        example: null
        content: null
        $ref: null
    }
    in: path
    required: true
} as Body Parameter at the moment
[main] ERROR o.o.codegen.DefaultCodegen - Not handling class PathParameter {
    class Parameter {
        name: modelId
        in: null
        description: The model identifier that the file in question is associated with
        required: null
        deprecated: null
        allowEmptyValue: null
        style: simple
        explode: false
        allowReserved: null
        schema: null
        examples: null
        example: null
        content: null
        $ref: null
    }
    in: path
    required: true
} as Body Parameter at the moment
[main] WARN  o.o.codegen.DefaultCodegen - Parameter name not defined properly. Default to UNKNOWN_PARAMETER_NAME
[main] ERROR o.o.codegen.DefaultCodegen - Not handling class QueryParameter {
    class Parameter {
        name: filename
        in: null
        description: The name of the file that needs to be downloaded. If not provided, all model files are returned as a <a href='https://co.mbine.org/standards/omex' target='_blank'>COMBINE archive</a>. If the file name is set, then the file contents will be served.
        required: false
        deprecated: null
        allowEmptyValue: null
        style: form
        explode: true
        allowReserved: null
        schema: null
        examples: null
        example: null
        content: null
        $ref: null
    }
    in: query
} as Body Parameter at the moment
[main] ERROR o.o.codegen.DefaultCodegen - Not handling class QueryParameter {
    class Parameter {
        name: filename
        in: null
        description: The name of the file that needs to be downloaded. If not provided, all model files are returned as a <a href='https://co.mbine.org/standards/omex' target='_blank'>COMBINE archive</a>. If the file name is set, then the file contents will be served.
        required: false
        deprecated: null
        allowEmptyValue: null
        style: form
        explode: true
        allowReserved: null
        schema: null
        examples: null
        example: null
        content: null
        $ref: null
    }
    in: query
} as Body Parameter at the moment
[main] WARN  o.o.codegen.DefaultCodegen - Parameter name not defined properly. Default to UNKNOWN_PARAMETER_NAME
[main] WARN  o.o.codegen.DefaultCodegen - Empty operationId found for path: get /model/identifiers. Renamed to auto-generated operationId: modelIdentifiersGet
[main] ERROR o.o.codegen.DefaultCodegen - Not handling class QueryParameter {
    class Parameter {
        name: format
        in: null
        description: The format that the response should return
        required: false
        deprecated: null
        allowEmptyValue: null
        style: form
        explode: true
        allowReserved: null
        schema: null
        examples: null
        example: null
        content: null
        $ref: null
    }
    in: query
} as Body Parameter at the moment
[main] ERROR o.o.codegen.DefaultCodegen - Not handling class QueryParameter {
    class Parameter {
        name: format
        in: null
        description: The format that the response should return
        required: false
        deprecated: null
        allowEmptyValue: null
        style: form
        explode: true
        allowReserved: null
        schema: null
        examples: null
        example: null
        content: null
        $ref: null
    }
    in: query
} as Body Parameter at the moment
[main] WARN  o.o.codegen.DefaultCodegen - Parameter name not defined properly. Default to UNKNOWN_PARAMETER_NAME
[main] WARN  o.o.codegen.DefaultCodegen - Empty operationId found for path: get /search. Renamed to auto-generated operationId: searchGet
[main] ERROR o.o.codegen.DefaultCodegen - Not handling class QueryParameter {
    class Parameter {
        name: query
        in: null
        description: Search query. Please note that the colon character in ontology terms must be escaped.
        required: true
        deprecated: null
        allowEmptyValue: null
        style: form
        explode: true
        allowReserved: null
        schema: null
        examples: null
        example: null
        content: null
        $ref: null
    }
    in: query
} as Body Parameter at the moment
[main] ERROR o.o.codegen.DefaultCodegen - Not handling class QueryParameter {
    class Parameter {
        name: query
        in: null
        description: Search query. Please note that the colon character in ontology terms must be escaped.
        required: true
        deprecated: null
        allowEmptyValue: null
        style: form
        explode: true
        allowReserved: null
        schema: null
        examples: null
        example: null
        content: null
        $ref: null
    }
    in: query
} as Body Parameter at the moment
[main] WARN  o.o.codegen.DefaultCodegen - Parameter name not defined properly. Default to UNKNOWN_PARAMETER_NAME
[main] ERROR o.o.codegen.DefaultCodegen - Not handling class QueryParameter {
    class Parameter {
        name: offset
        in: null
        description: The number of items to skip before starting to collect the result set
        required: false
        deprecated: null
        allowEmptyValue: null
        style: form
        explode: true
        allowReserved: null
        schema: null
        examples: null
        example: null
        content: null
        $ref: null
    }
    in: query
} as Body Parameter at the moment
[main] ERROR o.o.codegen.DefaultCodegen - Not handling class QueryParameter {
    class Parameter {
        name: offset
        in: null
        description: The number of items to skip before starting to collect the result set
        required: false
        deprecated: null
        allowEmptyValue: null
        style: form
        explode: true
        allowReserved: null
        schema: null
        examples: null
        example: null
        content: null
        $ref: null
    }
    in: query
} as Body Parameter at the moment
[main] WARN  o.o.codegen.DefaultCodegen - Parameter name not defined properly. Default to UNKNOWN_PARAMETER_NAME
[main] ERROR o.o.codegen.DefaultCodegen - Not handling class QueryParameter {
    class Parameter {
        name: numResults
        in: null
        description: The number of items to return
        required: false
        deprecated: null
        allowEmptyValue: null
        style: form
        explode: true
        allowReserved: null
        schema: null
        examples: null
        example: null
        content: null
        $ref: null
    }
    in: query
} as Body Parameter at the moment
[main] ERROR o.o.codegen.DefaultCodegen - Not handling class QueryParameter {
    class Parameter {
        name: numResults
        in: null
        description: The number of items to return
        required: false
        deprecated: null
        allowEmptyValue: null
        style: form
        explode: true
        allowReserved: null
        schema: null
        examples: null
        example: null
        content: null
        $ref: null
    }
    in: query
} as Body Parameter at the moment
[main] WARN  o.o.codegen.DefaultCodegen - Parameter name not defined properly. Default to UNKNOWN_PARAMETER_NAME
[main] ERROR o.o.codegen.DefaultCodegen - Not handling class QueryParameter {
    class Parameter {
        name: sort
        in: null
        description: Sort criteria
        required: false
        deprecated: null
        allowEmptyValue: null
        style: form
        explode: true
        allowReserved: null
        schema: null
        examples: null
        example: null
        content: null
        $ref: null
    }
    in: query
} as Body Parameter at the moment
[main] ERROR o.o.codegen.DefaultCodegen - Not handling class QueryParameter {
    class Parameter {
        name: sort
        in: null
        description: Sort criteria
        required: false
        deprecated: null
        allowEmptyValue: null
        style: form
        explode: true
        allowReserved: null
        schema: null
        examples: null
        example: null
        content: null
        $ref: null
    }
    in: query
} as Body Parameter at the moment
[main] WARN  o.o.codegen.DefaultCodegen - Parameter name not defined properly. Default to UNKNOWN_PARAMETER_NAME
[main] ERROR o.o.codegen.DefaultCodegen - Not handling class QueryParameter {
    class Parameter {
        name: format
        in: null
        description: The format that the response should return
        required: false
        deprecated: null
        allowEmptyValue: null
        style: form
        explode: true
        allowReserved: null
        schema: null
        examples: null
        example: null
        content: null
        $ref: null
    }
    in: query
} as Body Parameter at the moment
[main] ERROR o.o.codegen.DefaultCodegen - Not handling class QueryParameter {
    class Parameter {
        name: format
        in: null
        description: The format that the response should return
        required: false
        deprecated: null
        allowEmptyValue: null
        style: form
        explode: true
        allowReserved: null
        schema: null
        examples: null
        example: null
        content: null
        $ref: null
    }
    in: query
} as Body Parameter at the moment
[main] WARN  o.o.codegen.DefaultCodegen - Parameter name not defined properly. Default to UNKNOWN_PARAMETER_NAME
[main] WARN  o.o.codegen.DefaultCodegen - Empty operationId found for path: get /search/download. Renamed to auto-generated operationId: searchDownloadGet
[main] ERROR o.o.codegen.DefaultCodegen - Not handling class QueryParameter {
    class Parameter {
        name: models
        in: null
        description: The list of model identifiers which you want to download their main file. Using the comma to separate if you are requesting more than one model.
        required: true
        deprecated: null
        allowEmptyValue: null
        style: form
        explode: true
        allowReserved: null
        schema: null
        examples: null
        example: null
        content: null
        $ref: null
    }
    in: query
} as Body Parameter at the moment
[main] ERROR o.o.codegen.DefaultCodegen - Not handling class QueryParameter {
    class Parameter {
        name: models
        in: null
        description: The list of model identifiers which you want to download their main file. Using the comma to separate if you are requesting more than one model.
        required: true
        deprecated: null
        allowEmptyValue: null
        style: form
        explode: true
        allowReserved: null
        schema: null
        examples: null
        example: null
        content: null
        $ref: null
    }
    in: query
} as Body Parameter at the moment
[main] WARN  o.o.codegen.DefaultCodegen - Parameter name not defined properly. Default to UNKNOWN_PARAMETER_NAME
[main] WARN  o.o.codegen.DefaultCodegen - Empty operationId found for path: get /parameterSearch/search. Renamed to auto-generated operationId: parameterSearchSearchGet
[main] ERROR o.o.codegen.DefaultCodegen - Not handling class QueryParameter {
    class Parameter {
        name: query
        in: null
        description: A query to search against the model parameter values.
        required: false
        deprecated: null
        allowEmptyValue: null
        style: form
        explode: true
        allowReserved: null
        schema: null
        examples: null
        example: null
        content: null
        $ref: null
    }
    in: query
} as Body Parameter at the moment
[main] ERROR o.o.codegen.DefaultCodegen - Not handling class QueryParameter {
    class Parameter {
        name: query
        in: null
        description: A query to search against the model parameter values.
        required: false
        deprecated: null
        allowEmptyValue: null
        style: form
        explode: true
        allowReserved: null
        schema: null
        examples: null
        example: null
        content: null
        $ref: null
    }
    in: query
} as Body Parameter at the moment
[main] WARN  o.o.codegen.DefaultCodegen - Parameter name not defined properly. Default to UNKNOWN_PARAMETER_NAME
[main] ERROR o.o.codegen.DefaultCodegen - Not handling class QueryParameter {
    class Parameter {
        name: start
        in: null
        description: It is the offset of the result set, please enter the number of records to skip.<br/> <i>Default value = 0</i>
        required: false
        deprecated: null
        allowEmptyValue: null
        style: form
        explode: true
        allowReserved: null
        schema: null
        examples: null
        example: null
        content: null
        $ref: null
    }
    in: query
} as Body Parameter at the moment
[main] ERROR o.o.codegen.DefaultCodegen - Not handling class QueryParameter {
    class Parameter {
        name: start
        in: null
        description: It is the offset of the result set, please enter the number of records to skip.<br/> <i>Default value = 0</i>
        required: false
        deprecated: null
        allowEmptyValue: null
        style: form
        explode: true
        allowReserved: null
        schema: null
        examples: null
        example: null
        content: null
        $ref: null
    }
    in: query
} as Body Parameter at the moment
[main] WARN  o.o.codegen.DefaultCodegen - Parameter name not defined properly. Default to UNKNOWN_PARAMETER_NAME
[main] ERROR o.o.codegen.DefaultCodegen - Not handling class QueryParameter {
    class Parameter {
        name: size
        in: null
        description: The number of items to display per page. <i>Default value = 10</i>
        required: false
        deprecated: null
        allowEmptyValue: null
        style: form
        explode: true
        allowReserved: null
        schema: null
        examples: null
        example: null
        content: null
        $ref: null
    }
    in: query
} as Body Parameter at the moment
[main] ERROR o.o.codegen.DefaultCodegen - Not handling class QueryParameter {
    class Parameter {
        name: size
        in: null
        description: The number of items to display per page. <i>Default value = 10</i>
        required: false
        deprecated: null
        allowEmptyValue: null
        style: form
        explode: true
        allowReserved: null
        schema: null
        examples: null
        example: null
        content: null
        $ref: null
    }
    in: query
} as Body Parameter at the moment
[main] WARN  o.o.codegen.DefaultCodegen - Parameter name not defined properly. Default to UNKNOWN_PARAMETER_NAME
[main] ERROR o.o.codegen.DefaultCodegen - Not handling class QueryParameter {
    class Parameter {
        name: sort
        in: null
        description: The column name and sort direction to perform the sort operation, <u>Sortable columns: model, entity</u>.<br/>
        required: false
        deprecated: null
        allowEmptyValue: null
        style: form
        explode: true
        allowReserved: null
        schema: null
        examples: null
        example: null
        content: null
        $ref: null
    }
    in: query
} as Body Parameter at the moment
[main] ERROR o.o.codegen.DefaultCodegen - Not handling class QueryParameter {
    class Parameter {
        name: sort
        in: null
        description: The column name and sort direction to perform the sort operation, <u>Sortable columns: model, entity</u>.<br/>
        required: false
        deprecated: null
        allowEmptyValue: null
        style: form
        explode: true
        allowReserved: null
        schema: null
        examples: null
        example: null
        content: null
        $ref: null
    }
    in: query
} as Body Parameter at the moment
[main] WARN  o.o.codegen.DefaultCodegen - Parameter name not defined properly. Default to UNKNOWN_PARAMETER_NAME
[main] ERROR o.o.codegen.DefaultCodegen - Not handling class QueryParameter {
    class Parameter {
        name: format
        in: null
        description: The format of the result (XML,CSV and JSON). <i>Default value = XML</i>
        required: false
        deprecated: null
        allowEmptyValue: null
        style: form
        explode: true
        allowReserved: null
        schema: null
        examples: null
        example: null
        content: null
        $ref: null
    }
    in: query
} as Body Parameter at the moment
[main] ERROR o.o.codegen.DefaultCodegen - Not handling class QueryParameter {
    class Parameter {
        name: format
        in: null
        description: The format of the result (XML,CSV and JSON). <i>Default value = XML</i>
        required: false
        deprecated: null
        allowEmptyValue: null
        style: form
        explode: true
        allowReserved: null
        schema: null
        examples: null
        example: null
        content: null
        $ref: null
    }
    in: query
} as Body Parameter at the moment
[main] WARN  o.o.codegen.DefaultCodegen - Parameter name not defined properly. Default to UNKNOWN_PARAMETER_NAME
[main] WARN  o.o.codegen.DefaultCodegen - Empty operationId found for path: get /p2m/missing. Renamed to auto-generated operationId: p2mMissingGet
[main] ERROR o.o.codegen.DefaultCodegen - Not handling class PathParameter {
    class Parameter {
        name: format
        in: null
        description: The response format
        required: null
        deprecated: null
        allowEmptyValue: null
        style: simple
        explode: false
        allowReserved: null
        schema: null
        examples: null
        example: null
        content: null
        $ref: null
    }
    in: path
    required: false
} as Body Parameter at the moment
[main] ERROR o.o.codegen.DefaultCodegen - Not handling class PathParameter {
    class Parameter {
        name: format
        in: null
        description: The response format
        required: null
        deprecated: null
        allowEmptyValue: null
        style: simple
        explode: false
        allowReserved: null
        schema: null
        examples: null
        example: null
        content: null
        $ref: null
    }
    in: path
    required: false
} as Body Parameter at the moment
[main] WARN  o.o.codegen.DefaultCodegen - Parameter name not defined properly. Default to UNKNOWN_PARAMETER_NAME
[main] WARN  o.o.codegen.DefaultCodegen - Empty operationId found for path: get /p2m/representative. Renamed to auto-generated operationId: p2mRepresentativeGet
[main] ERROR o.o.codegen.DefaultCodegen - Not handling class QueryParameter {
    class Parameter {
        name: model
        in: null
        description: The identifier of a model of interest
        required: true
        deprecated: null
        allowEmptyValue: null
        style: form
        explode: true
        allowReserved: null
        schema: null
        examples: null
        example: null
        content: null
        $ref: null
    }
    in: query
} as Body Parameter at the moment
[main] ERROR o.o.codegen.DefaultCodegen - Not handling class QueryParameter {
    class Parameter {
        name: model
        in: null
        description: The identifier of a model of interest
        required: true
        deprecated: null
        allowEmptyValue: null
        style: form
        explode: true
        allowReserved: null
        schema: null
        examples: null
        example: null
        content: null
        $ref: null
    }
    in: query
} as Body Parameter at the moment
[main] WARN  o.o.codegen.DefaultCodegen - Parameter name not defined properly. Default to UNKNOWN_PARAMETER_NAME
[main] ERROR o.o.codegen.DefaultCodegen - Not handling class QueryParameter {
    class Parameter {
        name: format
        in: null
        description: The response format
        required: false
        deprecated: null
        allowEmptyValue: null
        style: form
        explode: true
        allowReserved: null
        schema: null
        examples: null
        example: null
        content: null
        $ref: null
    }
    in: query
} as Body Parameter at the moment
[main] ERROR o.o.codegen.DefaultCodegen - Not handling class QueryParameter {
    class Parameter {
        name: format
        in: null
        description: The response format
        required: false
        deprecated: null
        allowEmptyValue: null
        style: form
        explode: true
        allowReserved: null
        schema: null
        examples: null
        example: null
        content: null
        $ref: null
    }
    in: query
} as Body Parameter at the moment
[main] WARN  o.o.codegen.DefaultCodegen - Parameter name not defined properly. Default to UNKNOWN_PARAMETER_NAME
[main] WARN  o.o.codegen.DefaultCodegen - Empty operationId found for path: get /p2m/representatives. Renamed to auto-generated operationId: p2mRepresentativesGet
[main] ERROR o.o.codegen.DefaultCodegen - Not handling class QueryParameter {
    class Parameter {
        name: modelIds
        in: null
        description: The list of requested model identifiers
        required: true
        deprecated: null
        allowEmptyValue: null
        style: form
        explode: true
        allowReserved: null
        schema: null
        examples: null
        example: null
        content: null
        $ref: null
    }
    in: query
} as Body Parameter at the moment
[main] ERROR o.o.codegen.DefaultCodegen - Not handling class QueryParameter {
    class Parameter {
        name: modelIds
        in: null
        description: The list of requested model identifiers
        required: true
        deprecated: null
        allowEmptyValue: null
        style: form
        explode: true
        allowReserved: null
        schema: null
        examples: null
        example: null
        content: null
        $ref: null
    }
    in: query
} as Body Parameter at the moment
[main] WARN  o.o.codegen.DefaultCodegen - Parameter name not defined properly. Default to UNKNOWN_PARAMETER_NAME
[main] ERROR o.o.codegen.DefaultCodegen - Not handling class QueryParameter {
    class Parameter {
        name: format
        in: null
        description: The response format
        required: false
        deprecated: null
        allowEmptyValue: null
        style: form
        explode: true
        allowReserved: null
        schema: null
        examples: null
        example: null
        content: null
        $ref: null
    }
    in: query
} as Body Parameter at the moment
[main] ERROR o.o.codegen.DefaultCodegen - Not handling class QueryParameter {
    class Parameter {
        name: format
        in: null
        description: The response format
        required: false
        deprecated: null
        allowEmptyValue: null
        style: form
        explode: true
        allowReserved: null
        schema: null
        examples: null
        example: null
        content: null
        $ref: null
    }
    in: query
} as Body Parameter at the moment
[main] WARN  o.o.codegen.DefaultCodegen - Parameter name not defined properly. Default to UNKNOWN_PARAMETER_NAME
[main] WARN  o.o.codegen.DefaultCodegen - Empty operationId found for path: get /pdgsmm/missing. Renamed to auto-generated operationId: pdgsmmMissingGet
[main] ERROR o.o.codegen.DefaultCodegen - Not handling class PathParameter {
    class Parameter {
        name: format
        in: null
        description: The response format
        required: null
        deprecated: null
        allowEmptyValue: null
        style: simple
        explode: false
        allowReserved: null
        schema: null
        examples: null
        example: null
        content: null
        $ref: null
    }
    in: path
    required: false
} as Body Parameter at the moment
[main] ERROR o.o.codegen.DefaultCodegen - Not handling class PathParameter {
    class Parameter {
        name: format
        in: null
        description: The response format
        required: null
        deprecated: null
        allowEmptyValue: null
        style: simple
        explode: false
        allowReserved: null
        schema: null
        examples: null
        example: null
        content: null
        $ref: null
    }
    in: path
    required: false
} as Body Parameter at the moment
[main] WARN  o.o.codegen.DefaultCodegen - Parameter name not defined properly. Default to UNKNOWN_PARAMETER_NAME
[main] WARN  o.o.codegen.DefaultCodegen - Empty operationId found for path: get /pdgsmm/representative. Renamed to auto-generated operationId: pdgsmmRepresentativeGet
[main] ERROR o.o.codegen.DefaultCodegen - Not handling class QueryParameter {
    class Parameter {
        name: model
        in: null
        description: The identifier of a model of interest
        required: true
        deprecated: null
        allowEmptyValue: null
        style: form
        explode: true
        allowReserved: null
        schema: null
        examples: null
        example: null
        content: null
        $ref: null
    }
    in: query
} as Body Parameter at the moment
[main] ERROR o.o.codegen.DefaultCodegen - Not handling class QueryParameter {
    class Parameter {
        name: model
        in: null
        description: The identifier of a model of interest
        required: true
        deprecated: null
        allowEmptyValue: null
        style: form
        explode: true
        allowReserved: null
        schema: null
        examples: null
        example: null
        content: null
        $ref: null
    }
    in: query
} as Body Parameter at the moment
[main] WARN  o.o.codegen.DefaultCodegen - Parameter name not defined properly. Default to UNKNOWN_PARAMETER_NAME
[main] ERROR o.o.codegen.DefaultCodegen - Not handling class QueryParameter {
    class Parameter {
        name: format
        in: null
        description: The response format
        required: false
        deprecated: null
        allowEmptyValue: null
        style: form
        explode: true
        allowReserved: null
        schema: null
        examples: null
        example: null
        content: null
        $ref: null
    }
    in: query
} as Body Parameter at the moment
[main] ERROR o.o.codegen.DefaultCodegen - Not handling class QueryParameter {
    class Parameter {
        name: format
        in: null
        description: The response format
        required: false
        deprecated: null
        allowEmptyValue: null
        style: form
        explode: true
        allowReserved: null
        schema: null
        examples: null
        example: null
        content: null
        $ref: null
    }
    in: query
} as Body Parameter at the moment
[main] WARN  o.o.codegen.DefaultCodegen - Parameter name not defined properly. Default to UNKNOWN_PARAMETER_NAME
[main] WARN  o.o.codegen.DefaultCodegen - Empty operationId found for path: get /pdgsmm/representatives. Renamed to auto-generated operationId: pdgsmmRepresentativesGet
[main] ERROR o.o.codegen.DefaultCodegen - Not handling class QueryParameter {
    class Parameter {
        name: modelIds
        in: null
        description: The list of requested model identifiers
        required: true
        deprecated: null
        allowEmptyValue: null
        style: form
        explode: true
        allowReserved: null
        schema: null
        examples: null
        example: null
        content: null
        $ref: null
    }
    in: query
} as Body Parameter at the moment
[main] ERROR o.o.codegen.DefaultCodegen - Not handling class QueryParameter {
    class Parameter {
        name: modelIds
        in: null
        description: The list of requested model identifiers
        required: true
        deprecated: null
        allowEmptyValue: null
        style: form
        explode: true
        allowReserved: null
        schema: null
        examples: null
        example: null
        content: null
        $ref: null
    }
    in: query
} as Body Parameter at the moment
[main] WARN  o.o.codegen.DefaultCodegen - Parameter name not defined properly. Default to UNKNOWN_PARAMETER_NAME
[main] ERROR o.o.codegen.DefaultCodegen - Not handling class QueryParameter {
    class Parameter {
        name: format
        in: null
        description: The response format
        required: false
        deprecated: null
        allowEmptyValue: null
        style: form
        explode: true
        allowReserved: null
        schema: null
        examples: null
        example: null
        content: null
        $ref: null
    }
    in: query
} as Body Parameter at the moment
[main] ERROR o.o.codegen.DefaultCodegen - Not handling class QueryParameter {
    class Parameter {
        name: format
        in: null
        description: The response format
        required: false
        deprecated: null
        allowEmptyValue: null
        style: form
        explode: true
        allowReserved: null
        schema: null
        examples: null
        example: null
        content: null
        $ref: null
    }
    in: query
} as Body Parameter at the moment
[main] WARN  o.o.codegen.DefaultCodegen - Parameter name not defined properly. Default to UNKNOWN_PARAMETER_NAME
[main] INFO  o.o.codegen.TemplateManager - writing file /home/rick/Software/OpenBioApi/biomodels/src/bio_models/api/model_related_operations.clj
[main] INFO  o.o.codegen.TemplateManager - writing file /home/rick/Software/OpenBioApi/biomodels/src/bio_models/api/pdgsmm_operations.clj
[main] INFO  o.o.codegen.TemplateManager - writing file /home/rick/Software/OpenBioApi/biomodels/src/bio_models/api/parameters_search.clj
[main] INFO  o.o.codegen.TemplateManager - writing file /home/rick/Software/OpenBioApi/biomodels/src/bio_models/api/path_models_operations.clj
[main] INFO  o.o.codegen.TemplateManager - writing file /home/rick/Software/OpenBioApi/biomodels/src/bio_models/api/search_models.clj
[main] INFO  o.o.codegen.TemplateManager - writing file /home/rick/Software/OpenBioApi/biomodels/project.clj
[main] INFO  o.o.codegen.TemplateManager - writing file /home/rick/Software/OpenBioApi/biomodels/src/bio_models/core.clj
[main] INFO  o.o.codegen.TemplateManager - writing file /home/rick/Software/OpenBioApi/biomodels/git_push.sh
[main] INFO  o.o.codegen.TemplateManager - writing file /home/rick/Software/OpenBioApi/biomodels/.gitignore
[main] INFO  o.o.codegen.TemplateManager - writing file /home/rick/Software/OpenBioApi/biomodels/.openapi-generator-ignore
[main] INFO  o.o.codegen.TemplateManager - writing file /home/rick/Software/OpenBioApi/biomodels/.openapi-generator/VERSION
[main] INFO  o.o.codegen.TemplateManager - writing file /home/rick/Software/OpenBioApi/biomodels/.openapi-generator/FILES
############################################################################################
# Thanks for using OpenAPI Generator.                                                      #
# We appreciate your support! Please consider donation to help us maintain this project.   #
# https://opencollective.com/openapi_generator/donate                                      #
############################################################################################
